<?xml version="1.0" encoding="UTF-8"?>
<!-- Generated by org.testng.reporters.JUnitReportReporter -->
<testsuite name="com.makemytrip.RegistrationTest" tests="1" time="0.588" ignored="0" failures="0" timestamp="29 Sep 2021 12:41:23 GMT" skipped="0" hostname="DESKTOP-BUKQDCA" errors="0">
  <testcase name="click" time="0.588" classname="com.makemytrip.RegistrationTest"/>
</testsuite> <!-- com.makemytrip.RegistrationTest -->
